2025-06-14T13:26:55.260483+08:00 168.5 0.33
2025-06-14T13:28:04.951027+08:00 179.67 0.41
2025-06-14T13:28:17.820890+08:00 179.17 0.53
2025-06-14T13:48:25.108273+08:00 54612.5 0.0
2025-06-14T13:49:22.474922+08:00 54612.5 0.0
2025-06-14T13:50:18.159571+08:00 54612.5 0.0
2025-06-14T13:51:13.702270+08:00 54612.5 0.0
2025-06-14T13:52:09.153461+08:00 54612.5 0.0
2025-06-14T13:53:05.237532+08:00 54612.5 0.0
2025-06-14T13:54:00.774741+08:00 54612.5 0.0
2025-06-14T13:54:56.155417+08:00 54612.5 0.0
2025-06-14T13:55:51.640558+08:00 54612.5 0.0
2025-06-14T13:56:47.137395+08:00 54612.5 0.0
2025-06-14T13:58:10.801558+08:00 49706.57 13662.94
2025-06-14T13:59:06.375285+08:00 29511.47 20175.84
2025-06-14T14:00:01.656048+08:00 20100.22 5418.73
2025-06-14T14:00:57.076428+08:00 13766.53 683.48
2025-06-14T14:01:52.411903+08:00 41962.85 14161.55
2025-06-14T14:02:47.710061+08:00 44195.52 10044.89
2025-06-14T14:03:43.013951+08:00 54612.5 0.0
2025-06-14T14:04:38.620508+08:00 54612.5 0.0
2025-06-14T14:05:34.019748+08:00 54612.5 0.0
2025-06-14T14:06:29.243122+08:00 54612.5 0.0
2025-06-14T14:12:56.788145+08:00 54612.5 0.0
2025-06-14T14:13:52.352257+08:00 54612.5 0.0
2025-06-14T14:14:47.859840+08:00 54612.5 0.0
2025-06-14T14:15:43.461427+08:00 54612.5 0.0
2025-06-14T14:16:39.482436+08:00 54612.5 0.0
2025-06-14T14:17:35.248651+08:00 54612.5 0.0
2025-06-14T14:18:31.652175+08:00 54612.5 0.0
2025-06-14T14:19:27.141172+08:00 53622.38 3915.47
2025-06-14T14:20:22.594168+08:00 53862.52 2736.91
2025-06-14T14:21:18.087835+08:00 54612.5 0.0
2025-06-14T14:22:51.667528+08:00 54612.5 0.0
2025-06-14T14:23:47.374581+08:00 54612.5 0.0
2025-06-14T14:24:42.905343+08:00 54612.5 0.0
2025-06-14T14:25:38.506332+08:00 54612.5 0.0
2025-06-14T14:26:34.029716+08:00 54612.5 0.0
2025-06-14T14:27:29.438503+08:00 54612.5 0.0
2025-06-14T14:28:25.037207+08:00 54612.5 0.0
2025-06-14T14:29:20.481511+08:00 54612.5 0.0
2025-06-14T14:30:15.930114+08:00 54612.5 0.0
2025-06-14T14:31:11.444172+08:00 54612.5 0.0
2025-06-14T14:59:49.130521+08:00 54612.5 0.0
2025-06-14T15:00:44.597460+08:00 54612.5 0.0
